[06-Nov-2018 18:07:22 UTC] PHP Fatal error:  Class 'izv\tools\Session' not found in /home/ubuntu/workspace/bdUsuarios/pruebaSesion.php on line 7
[06-Nov-2018 18:07:22 UTC] PHP Stack trace:
[06-Nov-2018 18:07:22 UTC] PHP   1. {main}() /home/ubuntu/workspace/bdUsuarios/pruebaSesion.php:0
[06-Nov-2018 18:08:30 UTC] PHP Fatal error:  Class 'izv\tools\Session' not found in /home/ubuntu/workspace/bdUsuarios/pruebaSesion.php on line 7
[06-Nov-2018 18:08:30 UTC] PHP Stack trace:
[06-Nov-2018 18:08:30 UTC] PHP   1. {main}() /home/ubuntu/workspace/bdUsuarios/pruebaSesion.php:0
[06-Nov-2018 18:09:30 UTC] PHP Fatal error:  Class 'classes\izv\tools\Session' not found in /home/ubuntu/workspace/bdUsuarios/pruebaSesion.php on line 7
[06-Nov-2018 18:09:30 UTC] PHP Stack trace:
[06-Nov-2018 18:09:30 UTC] PHP   1. {main}() /home/ubuntu/workspace/bdUsuarios/pruebaSesion.php:0
[06-Nov-2018 18:09:31 UTC] PHP Fatal error:  Class 'classes\izv\tools\Session' not found in /home/ubuntu/workspace/bdUsuarios/pruebaSesion.php on line 7
[06-Nov-2018 18:09:31 UTC] PHP Stack trace:
[06-Nov-2018 18:09:31 UTC] PHP   1. {main}() /home/ubuntu/workspace/bdUsuarios/pruebaSesion.php:0
[06-Nov-2018 18:10:35 UTC] PHP Warning:  require(../classes/autoload.php): failed to open stream: No such file or directory in /home/ubuntu/workspace/bdUsuarios/pruebaSesion.php on line 6
[06-Nov-2018 18:10:35 UTC] PHP Stack trace:
[06-Nov-2018 18:10:35 UTC] PHP   1. {main}() /home/ubuntu/workspace/bdUsuarios/pruebaSesion.php:0
[06-Nov-2018 18:10:35 UTC] PHP Fatal error:  require(): Failed opening required '../classes/autoload.php' (include_path='.:/usr/share/php:/usr/share/pear') in /home/ubuntu/workspace/bdUsuarios/pruebaSesion.php on line 6
[06-Nov-2018 18:10:35 UTC] PHP Stack trace:
[06-Nov-2018 18:10:35 UTC] PHP   1. {main}() /home/ubuntu/workspace/bdUsuarios/pruebaSesion.php:0
[06-Nov-2018 18:10:35 UTC] PHP Warning:  require(../classes/autoload.php): failed to open stream: No such file or directory in /home/ubuntu/workspace/bdUsuarios/pruebaSesion.php on line 6
[06-Nov-2018 18:10:35 UTC] PHP Stack trace:
[06-Nov-2018 18:10:35 UTC] PHP   1. {main}() /home/ubuntu/workspace/bdUsuarios/pruebaSesion.php:0
[06-Nov-2018 18:10:35 UTC] PHP Fatal error:  require(): Failed opening required '../classes/autoload.php' (include_path='.:/usr/share/php:/usr/share/pear') in /home/ubuntu/workspace/bdUsuarios/pruebaSesion.php on line 6
[06-Nov-2018 18:10:35 UTC] PHP Stack trace:
[06-Nov-2018 18:10:35 UTC] PHP   1. {main}() /home/ubuntu/workspace/bdUsuarios/pruebaSesion.php:0
[06-Nov-2018 20:06:07 UTC] PHP Fatal error:  Class 'Usuario' not found in /home/ubuntu/workspace/bdUsuarios/pruebaUsuario.php on line 8
[06-Nov-2018 20:06:07 UTC] PHP Stack trace:
[06-Nov-2018 20:06:07 UTC] PHP   1. {main}() /home/ubuntu/workspace/bdUsuarios/pruebaUsuario.php:0
[06-Nov-2018 20:06:54 UTC] PHP Catchable fatal error:  Argument 1 passed to izv\data\Usuario::set() must be of the type array, string given, called in /home/ubuntu/workspace/bdUsuarios/pruebaUsuario.php on line 9 and defined in /home/ubuntu/workspace/bdUsuarios/classes/izv/common/Common.php on line 53
[06-Nov-2018 20:06:54 UTC] PHP Stack trace:
[06-Nov-2018 20:06:54 UTC] PHP   1. {main}() /home/ubuntu/workspace/bdUsuarios/pruebaUsuario.php:0
[06-Nov-2018 20:06:54 UTC] PHP   2. izv\data\Usuario->set() /home/ubuntu/workspace/bdUsuarios/pruebaUsuario.php:9
[06-Nov-2018 20:29:54 UTC] PHP Fatal error:  Class 'Database' not found in /home/ubuntu/workspace/bdUsuarios/pruebaUsuario.php on line 9
[06-Nov-2018 20:29:54 UTC] PHP Stack trace:
[06-Nov-2018 20:29:54 UTC] PHP   1. {main}() /home/ubuntu/workspace/bdUsuarios/pruebaUsuario.php:0
[06-Nov-2018 20:32:23 UTC] PHP Fatal error:  Class 'ManageUsuario' not found in /home/ubuntu/workspace/bdUsuarios/pruebaUsuario.php on line 11
[06-Nov-2018 20:32:23 UTC] PHP Stack trace:
[06-Nov-2018 20:32:23 UTC] PHP   1. {main}() /home/ubuntu/workspace/bdUsuarios/pruebaUsuario.php:0
[06-Nov-2018 20:32:45 UTC] PHP Fatal error:  Call to a member function add() on a non-object in /home/ubuntu/workspace/bdUsuarios/pruebaUsuario.php on line 16
[06-Nov-2018 20:32:45 UTC] PHP Stack trace:
[06-Nov-2018 20:32:45 UTC] PHP   1. {main}() /home/ubuntu/workspace/bdUsuarios/pruebaUsuario.php:0
[06-Nov-2018 20:33:36 UTC] PHP Catchable fatal error:  Argument 1 passed to izv\managedata\ManageUsuario::add() must be an instance of izv\managedata\Usuario, instance of izv\data\Usuario given, called in /home/ubuntu/workspace/bdUsuarios/pruebaUsuario.php on line 16 and defined in /home/ubuntu/workspace/bdUsuarios/classes/izv/managedata/ManageUsuario.php on line 16
[06-Nov-2018 20:33:36 UTC] PHP Stack trace:
[06-Nov-2018 20:33:36 UTC] PHP   1. {main}() /home/ubuntu/workspace/bdUsuarios/pruebaUsuario.php:0
[06-Nov-2018 20:33:36 UTC] PHP   2. izv\managedata\ManageUsuario->add() /home/ubuntu/workspace/bdUsuarios/pruebaUsuario.php:16
[06-Nov-2018 20:35:06 UTC] PHP Catchable fatal error:  Argument 1 passed to izv\managedata\ManageUsuario::add() must be an instance of izv\managedata\Usuario, instance of izv\data\Usuario given, called in /home/ubuntu/workspace/bdUsuarios/pruebaUsuario.php on line 16 and defined in /home/ubuntu/workspace/bdUsuarios/classes/izv/managedata/ManageUsuario.php on line 16
[06-Nov-2018 20:35:06 UTC] PHP Stack trace:
[06-Nov-2018 20:35:06 UTC] PHP   1. {main}() /home/ubuntu/workspace/bdUsuarios/pruebaUsuario.php:0
[06-Nov-2018 20:35:06 UTC] PHP   2. izv\managedata\ManageUsuario->add() /home/ubuntu/workspace/bdUsuarios/pruebaUsuario.php:16
[06-Nov-2018 20:35:18 UTC] PHP Catchable fatal error:  Argument 1 passed to izv\managedata\ManageUsuario::add() must be an instance of izv\managedata\Usuario, instance of izv\data\Usuario given, called in /home/ubuntu/workspace/bdUsuarios/pruebaUsuario.php on line 16 and defined in /home/ubuntu/workspace/bdUsuarios/classes/izv/managedata/ManageUsuario.php on line 16
[06-Nov-2018 20:35:18 UTC] PHP Stack trace:
[06-Nov-2018 20:35:18 UTC] PHP   1. {main}() /home/ubuntu/workspace/bdUsuarios/pruebaUsuario.php:0
[06-Nov-2018 20:35:18 UTC] PHP   2. izv\managedata\ManageUsuario->add() /home/ubuntu/workspace/bdUsuarios/pruebaUsuario.php:16
[06-Nov-2018 20:35:20 UTC] PHP Catchable fatal error:  Argument 1 passed to izv\managedata\ManageUsuario::add() must be an instance of izv\managedata\Usuario, instance of izv\data\Usuario given, called in /home/ubuntu/workspace/bdUsuarios/pruebaUsuario.php on line 16 and defined in /home/ubuntu/workspace/bdUsuarios/classes/izv/managedata/ManageUsuario.php on line 16
[06-Nov-2018 20:35:20 UTC] PHP Stack trace:
[06-Nov-2018 20:35:20 UTC] PHP   1. {main}() /home/ubuntu/workspace/bdUsuarios/pruebaUsuario.php:0
[06-Nov-2018 20:35:20 UTC] PHP   2. izv\managedata\ManageUsuario->add() /home/ubuntu/workspace/bdUsuarios/pruebaUsuario.php:16
[06-Nov-2018 20:35:20 UTC] PHP Catchable fatal error:  Argument 1 passed to izv\managedata\ManageUsuario::add() must be an instance of izv\managedata\Usuario, instance of izv\data\Usuario given, called in /home/ubuntu/workspace/bdUsuarios/pruebaUsuario.php on line 16 and defined in /home/ubuntu/workspace/bdUsuarios/classes/izv/managedata/ManageUsuario.php on line 16
[06-Nov-2018 20:35:20 UTC] PHP Stack trace:
[06-Nov-2018 20:35:20 UTC] PHP   1. {main}() /home/ubuntu/workspace/bdUsuarios/pruebaUsuario.php:0
[06-Nov-2018 20:35:20 UTC] PHP   2. izv\managedata\ManageUsuario->add() /home/ubuntu/workspace/bdUsuarios/pruebaUsuario.php:16
[06-Nov-2018 20:35:21 UTC] PHP Catchable fatal error:  Argument 1 passed to izv\managedata\ManageUsuario::add() must be an instance of izv\managedata\Usuario, instance of izv\data\Usuario given, called in /home/ubuntu/workspace/bdUsuarios/pruebaUsuario.php on line 16 and defined in /home/ubuntu/workspace/bdUsuarios/classes/izv/managedata/ManageUsuario.php on line 16
[06-Nov-2018 20:35:21 UTC] PHP Stack trace:
[06-Nov-2018 20:35:21 UTC] PHP   1. {main}() /home/ubuntu/workspace/bdUsuarios/pruebaUsuario.php:0
[06-Nov-2018 20:35:21 UTC] PHP   2. izv\managedata\ManageUsuario->add() /home/ubuntu/workspace/bdUsuarios/pruebaUsuario.php:16
[06-Nov-2018 20:36:30 UTC] PHP Fatal error:  Class 'izv\managedata\Util' not found in /home/ubuntu/workspace/bdUsuarios/classes/izv/managedata/ManageUsuario.php on line 18
[06-Nov-2018 20:36:30 UTC] PHP Stack trace:
[06-Nov-2018 20:36:30 UTC] PHP   1. {main}() /home/ubuntu/workspace/bdUsuarios/pruebaUsuario.php:0
[06-Nov-2018 20:36:30 UTC] PHP   2. izv\managedata\ManageUsuario->add() /home/ubuntu/workspace/bdUsuarios/pruebaUsuario.php:16
[06-Nov-2018 20:41:37 UTC] PHP Fatal error:  Call to undefined method izv\data\Usuario::geCorreo() in /home/ubuntu/workspace/bdUsuarios/classes/izv/managedata/ManageUsuario.php on line 24
[06-Nov-2018 20:41:37 UTC] PHP Stack trace:
[06-Nov-2018 20:41:37 UTC] PHP   1. {main}() /home/ubuntu/workspace/bdUsuarios/pruebaUsuario.php:0
[06-Nov-2018 20:41:37 UTC] PHP   2. izv\managedata\ManageUsuario->add() /home/ubuntu/workspace/bdUsuarios/pruebaUsuario.php:16
[06-Nov-2018 20:41:37 UTC] PHP Fatal error:  Call to undefined method izv\data\Usuario::geCorreo() in /home/ubuntu/workspace/bdUsuarios/classes/izv/managedata/ManageUsuario.php on line 24
[06-Nov-2018 20:41:37 UTC] PHP Stack trace:
[06-Nov-2018 20:41:37 UTC] PHP   1. {main}() /home/ubuntu/workspace/bdUsuarios/pruebaUsuario.php:0
[06-Nov-2018 20:41:37 UTC] PHP   2. izv\managedata\ManageUsuario->add() /home/ubuntu/workspace/bdUsuarios/pruebaUsuario.php:16
