[25-Oct-2018 07:02:13 UTC] PHP Fatal error:  Uncaught Error: Class 'izv\database\App' not found in /home/ubuntu/workspace/proyecto/classes/izv/database/Database.php:23
Stack trace:
#0 /home/ubuntu/workspace/proyecto/producto/index.php(8): izv\database\Database->__construct()
#1 {main}
  thrown in /home/ubuntu/workspace/proyecto/classes/izv/database/Database.php on line 23
[25-Oct-2018 07:02:21 UTC] PHP Fatal error:  Uncaught Error: Class 'izv\database\App' not found in /home/ubuntu/workspace/proyecto/classes/izv/database/Database.php:23
Stack trace:
#0 /home/ubuntu/workspace/proyecto/producto/index.php(8): izv\database\Database->__construct()
#1 {main}
  thrown in /home/ubuntu/workspace/proyecto/classes/izv/database/Database.php on line 23
[25-Oct-2018 07:07:24 UTC] PHP Fatal error:  Uncaught Error: Class 'izv\database\PDO' not found in /home/ubuntu/workspace/proyecto/classes/izv/database/Database.php:36
Stack trace:
#0 /home/ubuntu/workspace/proyecto/producto/index.php(10): izv\database\Database->connect()
#1 {main}
  thrown in /home/ubuntu/workspace/proyecto/classes/izv/database/Database.php on line 36
[25-Oct-2018 07:08:09 UTC] PHP Fatal error:  Uncaught Error: Class 'izv\database\PDO' not found in /home/ubuntu/workspace/proyecto/classes/izv/database/Database.php:41
Stack trace:
#0 /home/ubuntu/workspace/proyecto/producto/index.php(10): izv\database\Database->connect()
#1 {main}
  thrown in /home/ubuntu/workspace/proyecto/classes/izv/database/Database.php on line 41
[25-Oct-2018 07:08:32 UTC] PHP Fatal error:  Uncaught Error: Class 'Reader' not found in /home/ubuntu/workspace/proyecto/producto/index.php:17
Stack trace:
#0 {main}
  thrown in /home/ubuntu/workspace/proyecto/producto/index.php on line 17
[25-Oct-2018 07:13:24 UTC] PHP Notice:  Undefined variable: sentencia in /home/ubuntu/workspace/proyecto/producto/index.php on line 73
[25-Oct-2018 07:13:24 UTC] PHP Fatal error:  Uncaught Error: Call to a member function fetch() on null in /home/ubuntu/workspace/proyecto/producto/index.php:73
Stack trace:
#0 {main}
  thrown in /home/ubuntu/workspace/proyecto/producto/index.php on line 73
[25-Oct-2018 07:13:30 UTC] PHP Notice:  Undefined variable: sentencia in /home/ubuntu/workspace/proyecto/producto/index.php on line 73
[25-Oct-2018 07:13:30 UTC] PHP Fatal error:  Uncaught Error: Call to a member function fetch() on null in /home/ubuntu/workspace/proyecto/producto/index.php:73
Stack trace:
#0 {main}
  thrown in /home/ubuntu/workspace/proyecto/producto/index.php on line 73
[25-Oct-2018 07:14:12 UTC] PHP Fatal error:  Uncaught Error: Class 'Producto' not found in /home/ubuntu/workspace/proyecto/producto/index.php:75
Stack trace:
#0 {main}
  thrown in /home/ubuntu/workspace/proyecto/producto/index.php on line 75
[25-Oct-2018 08:16:17 UTC] PHP Fatal error:  Uncaught TypeError: Argument 1 passed to izv\managedata\ManageProducto::__construct() must be an instance of izv\managedata\Database, instance of izv\database\Database given, called in /home/ubuntu/workspace/proyecto/producto/index.php on line 11 and defined in /home/ubuntu/workspace/proyecto/classes/izv/managedata/ManageProducto.php:9
Stack trace:
#0 /home/ubuntu/workspace/proyecto/producto/index.php(11): izv\managedata\ManageProducto->__construct(Object(izv\database\Database))
#1 {main}
  thrown in /home/ubuntu/workspace/proyecto/classes/izv/managedata/ManageProducto.php on line 9
[25-Oct-2018 08:17:56 UTC] PHP Notice:  Undefined property: izv\managedata\ManageProducto::$bd in /home/ubuntu/workspace/proyecto/classes/izv/managedata/ManageProducto.php on line 63
[25-Oct-2018 08:17:56 UTC] PHP Fatal error:  Uncaught Error: Call to a member function getSentence() on null in /home/ubuntu/workspace/proyecto/classes/izv/managedata/ManageProducto.php:63
Stack trace:
#0 /home/ubuntu/workspace/proyecto/producto/index.php(12): izv\managedata\ManageProducto->getAll()
#1 {main}
  thrown in /home/ubuntu/workspace/proyecto/classes/izv/managedata/ManageProducto.php on line 63
[25-Oct-2018 19:23:17 UTC] PHP Parse error:  syntax error, unexpected '';' (T_CONSTANT_ENCAPSED_STRING), expecting ';' in /home/ubuntu/workspace/proyecto/classes/izv/tools/Util.php on line 22
[25-Oct-2018 19:24:06 UTC] PHP Fatal error:  Uncaught Error: Call to undefined method izv\tools\Util::getAlert() in /home/ubuntu/workspace/proyecto/classes/izv/tools/Util.php:14
Stack trace:
#0 /home/ubuntu/workspace/proyecto/producto/index.php(76): izv\tools\Util::dangerAlert('Error')
#1 {main}
  thrown in /home/ubuntu/workspace/proyecto/classes/izv/tools/Util.php on line 14
[30-Oct-2018 09:36:06 UTC] PHP Notice:  Undefined property: izv\managedata\ManageProducto::$bd in /home/ubuntu/workspace/proyecto/classes/izv/managedata/ManageProducto.php on line 49
[30-Oct-2018 09:36:06 UTC] PHP Fatal error:  Uncaught Error: Call to a member function getSentence() on null in /home/ubuntu/workspace/proyecto/classes/izv/managedata/ManageProducto.php:49
Stack trace:
#0 /home/ubuntu/workspace/proyecto/producto/edit.php(13): izv\managedata\ManageProducto->get('2')
#1 {main}
  thrown in /home/ubuntu/workspace/proyecto/classes/izv/managedata/ManageProducto.php on line 49
[30-Oct-2018 09:59:50 UTC] PHP Notice:  Undefined variable: resultado in /home/ubuntu/workspace/proyecto/producto/dodelete.php on line 24
[06-Nov-2018 14:36:53 UTC] PHP Fatal error:  Uncaught Error: Call to a member function beginTransaction() on null in /home/ubuntu/workspace/proyecto/producto/dodelete.php:24
Stack trace:
#0 {main}
  thrown in /home/ubuntu/workspace/proyecto/producto/dodelete.php on line 24
[06-Nov-2018 14:42:49 UTC] PHP Fatal error:  Uncaught Error: Call to a member function beginTransaction() on null in /home/ubuntu/workspace/proyecto/producto/dodelete.php:24
Stack trace:
#0 {main}
  thrown in /home/ubuntu/workspace/proyecto/producto/dodelete.php on line 24
[08-Nov-2018 08:27:46 UTC] PHP Fatal error:  Call to a member function errorInfo() on a non-object in /home/ubuntu/workspace/proyecto/usuario/doinsert.php on line 22
[08-Nov-2018 08:27:46 UTC] PHP Stack trace:
[08-Nov-2018 08:27:46 UTC] PHP   1. {main}() /home/ubuntu/workspace/proyecto/usuario/doinsert.php:0
